IQ-TREE multicore version 2.0.6 for Linux 64-bit built Nov 18 2020
Developed by Bui Quang Minh, Nguyen Lam Tung, Olga Chernomor,
Heiko Schmidt, Dominik Schrempf, Michael Woodhams.

Host:    maestro-1067 (AVX2, FMA3, 503 GB RAM)
Command: iqtree2 -s /pasteur/zeus/projets/p02/GEVA/users/Artem/CMVM_lp1_20_data/RdRp_scan/analysis/phylo/Negevirus_clade/tree/aa_tree/Negevirus_clade2_aa_aln_outg.fasta.gap50_clean.fasta -m MFP -bb 1000 -nt AUTO -mem 500G -st AA -o NC_032437_Beihai_anemone_virus_1
Seed:    763521 (Using SPRNG - Scalable Parallel Random Number Generator)
Time:    Wed Jan 25 12:45:11 2023
Kernel:  AVX+FMA - auto-detect threads (47 CPU cores detected)

Reading alignment file /pasteur/zeus/projets/p02/GEVA/users/Artem/CMVM_lp1_20_data/RdRp_scan/analysis/phylo/Negevirus_clade/tree/aa_tree/Negevirus_clade2_aa_aln_outg.fasta.gap50_clean.fasta ... Fasta format detected
Alignment most likely contains protein sequences
Alignment has 21 sequences with 2535 columns, 2324 distinct patterns
1923 parsimony-informative, 342 singleton sites, 270 constant sites
                                                        Gap/Ambiguity  Composition  p-value
   1  MN661118_Atrato_Virga-like_virus_6                        0.32%    passed     95.11%
   2  MN661126_Atrato_Virga-like_virus_7                        0.32%    passed     96.48%
   3  MN661125_Atrato_Virga-like_virus_7                        0.08%    passed     99.16%
   4  MN661123_Atrato_Virga-like_virus_7                        0.04%    passed     99.03%
   5  MN661129_Atrato_Virga-like_virus_7                        0.04%    passed     99.46%
   6  MN661119_Atrato_Virga-like_virus_6                        4.62%    passed     95.52%
   7  MN661121_Atrato_Virga-like_virus_7                        0.04%    passed     99.64%
   8  MN661122_Atrato_Virga-like_virus_7                        0.04%    passed     99.75%
   9  MN661127_Atrato_Virga-like_virus_7                        0.04%    passed     99.81%
  10  MN661128_Atrato_Virga-like_virus_7                        0.04%    passed     99.68%
  11  MN661120_Atrato_Virga-like_virus_7                        0.04%    passed     99.65%
  12  ON955131_Enontekio_virga-like_virus_1                    29.31%    passed     97.55%
  13  MZ209726_Hangzhou_merodon_fulcratus_virga-like_virus_1    7.77%    failed      1.08%
  14  MZ443591_Leuven_Virga-like_virus_1                        7.50%    failed      0.00%
  15  NC_033192_Hubei_virga-like_virus_21                       5.21%    failed      0.00%
  16  OL700070_Hubei_virga-like_virus_21                        5.21%    failed      0.00%
  17  MN513382_Hammarskog_virga-like_virus                      5.05%    failed      0.00%
  18  Exquased_virus_F1371C2F1021                              11.44%    passed      9.65%
  19  Exquased_virus_F1371C2F1371                               3.63%    passed      8.30%
  20  MT129773_Dougjudy_virga-like_virus                        9.78%    passed     62.31%
  21  NC_032437_Beihai_anemone_virus_1                         16.53%    failed      3.74%
****  TOTAL                                                     5.10%  6 sequences failed composition chi2 test (p-value<5%; df=19)


Create initial parsimony tree by phylogenetic likelihood library (PLL)... 0.012 seconds
Measuring multi-threading efficiency up to 47 CPU cores
Increase to 10 rounds for branch lengths
30 trees examined
Threads: 1 / Time: 47.669 sec / Speedup: 1.000 / Efficiency: 100% / LogL: -58469
Threads: 2 / Time: 24.503 sec / Speedup: 1.945 / Efficiency: 97% / LogL: -58469
Threads: 3 / Time: 17.313 sec / Speedup: 2.753 / Efficiency: 92% / LogL: -58469
Threads: 4 / Time: 13.280 sec / Speedup: 3.589 / Efficiency: 90% / LogL: -58469
Threads: 5 / Time: 10.865 sec / Speedup: 4.388 / Efficiency: 88% / LogL: -58469
Threads: 6 / Time: 9.095 sec / Speedup: 5.241 / Efficiency: 87% / LogL: -58469
Threads: 7 / Time: 7.943 sec / Speedup: 6.002 / Efficiency: 86% / LogL: -58469
Threads: 8 / Time: 7.035 sec / Speedup: 6.776 / Efficiency: 85% / LogL: -58469
Threads: 9 / Time: 6.369 sec / Speedup: 7.484 / Efficiency: 83% / LogL: -58469
Threads: 10 / Time: 5.816 sec / Speedup: 8.197 / Efficiency: 82% / LogL: -58469
Threads: 11 / Time: 5.077 sec / Speedup: 9.388 / Efficiency: 85% / LogL: -58469
Threads: 12 / Time: 5.051 sec / Speedup: 9.437 / Efficiency: 79% / LogL: -58469
Threads: 13 / Time: 4.688 sec / Speedup: 10.169 / Efficiency: 78% / LogL: -58469
Threads: 14 / Time: 4.439 sec / Speedup: 10.738 / Efficiency: 77% / LogL: -58469
Threads: 15 / Time: 4.219 sec / Speedup: 11.299 / Efficiency: 75% / LogL: -58469
Threads: 16 / Time: 4.041 sec / Speedup: 11.796 / Efficiency: 74% / LogL: -58469
Threads: 17 / Time: 3.882 sec / Speedup: 12.280 / Efficiency: 72% / LogL: -58469
Threads: 18 / Time: 3.721 sec / Speedup: 12.809 / Efficiency: 71% / LogL: -58469
Threads: 19 / Time: 3.566 sec / Speedup: 13.368 / Efficiency: 70% / LogL: -58469
Threads: 20 / Time: 3.414 sec / Speedup: 13.961 / Efficiency: 70% / LogL: -58469
Threads: 21 / Time: 3.310 sec / Speedup: 14.401 / Efficiency: 69% / LogL: -58469
Threads: 22 / Time: 3.221 sec / Speedup: 14.800 / Efficiency: 67% / LogL: -58469
Threads: 23 / Time: 3.129 sec / Speedup: 15.234 / Efficiency: 66% / LogL: -58469
Threads: 24 / Time: 3.061 sec / Speedup: 15.571 / Efficiency: 65% / LogL: -58469
Threads: 25 / Time: 2.988 sec / Speedup: 15.956 / Efficiency: 64% / LogL: -58469
Threads: 26 / Time: 2.915 sec / Speedup: 16.356 / Efficiency: 63% / LogL: -58469
Threads: 27 / Time: 2.765 sec / Speedup: 17.243 / Efficiency: 64% / LogL: -58469
Threads: 28 / Time: 2.732 sec / Speedup: 17.446 / Efficiency: 62% / LogL: -58469
Threads: 29 / Time: 2.724 sec / Speedup: 17.500 / Efficiency: 60% / LogL: -58469
Threads: 30 / Time: 2.728 sec / Speedup: 17.473 / Efficiency: 58% / LogL: -58469
Threads: 31 / Time: 2.686 sec / Speedup: 17.748 / Efficiency: 57% / LogL: -58469
Threads: 32 / Time: 2.714 sec / Speedup: 17.567 / Efficiency: 55% / LogL: -58469
Threads: 33 / Time: 2.707 sec / Speedup: 17.611 / Efficiency: 53% / LogL: -58469
Threads: 34 / Time: 2.655 sec / Speedup: 17.954 / Efficiency: 53% / LogL: -58469
Threads: 35 / Time: 2.633 sec / Speedup: 18.102 / Efficiency: 52% / LogL: -58469
Threads: 36 / Time: 2.801 sec / Speedup: 17.021 / Efficiency: 47% / LogL: -58469
BEST NUMBER OF THREADS: 27

Perform fast likelihood tree search using LG+I+G model...
Estimate model parameters (epsilon = 5.000)
Perform nearest neighbor interchange...
Estimate model parameters (epsilon = 1.000)
1. Initial log-likelihood: -45580.484
Optimal log-likelihood: -45580.421
Proportion of invariable sites: 0.061
Gamma shape alpha: 1.355
Parameters optimization took 1 rounds (0.033 sec)
Time for fast ML tree search: 0.296 seconds

NOTE: ModelFinder requires 84 MB RAM!
ModelFinder will test up to 546 protein models (sample size: 2535) ...
 No. Model         -LnL         df  AIC          AICc         BIC
  1  LG            46854.552    39  93787.104    93788.354    94014.784
  2  LG+I          46228.146    40  92536.293    92537.608    92769.811
  3  LG+G4         45610.765    40  91301.531    91302.846    91535.049
  4  LG+I+G4       45580.394    41  91242.788    91244.169    91482.144
  5  LG+R2         45715.290    41  91512.579    91513.961    91751.935
  6  LG+R3         45599.149    43  91284.297    91285.817    91535.329
  7  LG+R4         45586.727    45  91263.454    91265.117    91526.162
  8  LG+R5         45583.120    47  91260.239    91262.053    91534.623
 17  LG+F+I+G4     45420.955    60  90961.910    90964.868    91312.187
 30  WAG+I+G4      45754.828    41  91591.655    91593.037    91831.011
 43  WAG+F+I+G4    45528.808    60  91177.616    91180.575    91527.893
 56  JTT+I+G4      45924.807    41  91931.614    91932.995    92170.970
 69  JTT+F+I+G4    45700.372    60  91520.743    91523.702    91871.020
 82  JTTDCMut+I+G4 45925.598    41  91933.196    91934.578    92172.552
 95  JTTDCMut+F+I+G4 45701.868    60  91523.736    91526.695    91874.013
108  DCMut+I+G4    46207.169    41  92496.339    92497.720    92735.694
121  DCMut+F+I+G4  45779.626    60  91679.252    91682.211    92029.529
134  VT+I+G4       45733.876    41  91549.752    91551.133    91789.108
147  VT+F+I+G4     45573.567    60  91267.134    91270.092    91617.411
160  PMB+I+G4      45985.179    41  92052.358    92053.739    92291.713
173  PMB+F+I+G4    45744.566    60  91609.133    91612.091    91959.410
186  Blosum62+I+G4 45890.702    41  91863.403    91864.785    92102.759
199  Blosum62+F+I+G4 45708.100    60  91536.200    91539.159    91886.477
212  Dayhoff+I+G4  46206.720    41  92495.440    92496.821    92734.795
225  Dayhoff+F+I+G4 45779.134    60  91678.269    91681.228    92028.546
238  mtREV+I+G4    48271.582    41  96625.165    96626.546    96864.521
251  mtREV+F+I+G4  46124.049    60  92368.097    92371.056    92718.374
264  mtART+I+G4    48510.626    41  97103.253    97104.634    97342.609
277  mtART+F+I+G4  46315.743    60  92751.486    92754.445    93101.763
290  mtZOA+I+G4    47804.516    41  95691.032    95692.413    95930.388
303  mtZOA+F+I+G4  45971.535    60  92063.069    92066.028    92413.346
316  mtMet+I+G4    48111.052    41  96304.105    96305.486    96543.461
329  mtMet+F+I+G4  46143.224    60  92406.448    92409.407    92756.725
342  mtVer+I+G4    48707.128    41  97496.255    97497.637    97735.611
355  mtVer+F+I+G4  46608.732    60  93337.463    93340.422    93687.740
368  mtInv+I+G4    48343.314    41  96768.628    96770.009    97007.984
381  mtInv+F+I+G4  45915.466    60  91950.933    91953.892    92301.210
394  mtMAM+I+G4    48939.896    41  97961.791    97963.173    98201.147
407  mtMAM+F+I+G4  46757.667    60  93635.335    93638.294    93985.612
420  HIVb+I+G4     46606.494    41  93294.988    93296.369    93534.344
433  HIVb+F+I+G4   46158.790    60  92437.580    92440.539    92787.857
446  HIVw+I+G4     47999.828    41  96081.656    96083.037    96321.011
459  HIVw+F+I+G4   47049.448    60  94218.896    94221.855    94569.173
472  FLU+I+G4      46346.291    41  92774.582    92775.963    93013.938
485  FLU+F+I+G4    46112.842    60  92345.683    92348.642    92695.960
498  rtREV+I+G4    46054.480    41  92190.960    92192.342    92430.316
511  rtREV+F+I+G4  45526.117    60  91172.234    91175.192    91522.511
524  cpREV+I+G4    46058.240    41  92198.480    92199.861    92437.836
537  cpREV+F+I+G4  45767.746    60  91655.492    91658.451    92005.769
Akaike Information Criterion:           LG+F+I+G4
Corrected Akaike Information Criterion: LG+F+I+G4
Bayesian Information Criterion:         LG+F+I+G4
Best-fit model: LG+F+I+G4 chosen according to BIC

All model information printed to /pasteur/zeus/projets/p02/GEVA/users/Artem/CMVM_lp1_20_data/RdRp_scan/analysis/phylo/Negevirus_clade/tree/aa_tree/Negevirus_clade2_aa_aln_outg.fasta.gap50_clean.fasta.model.gz
CPU time for ModelFinder: 2917.945 seconds (0h:48m:37s)
Wall-clock time for ModelFinder: 255.089 seconds (0h:4m:15s)
Generating 1000 samples for ultrafast bootstrap (seed: 763521)...

NOTE: 39 MB RAM (0 GB) is required!
Estimate model parameters (epsilon = 0.100)
Thoroughly optimizing +I+G parameters from 10 start values...
Init pinv, alpha: 0.000, 1.335 / Estimate: 0.000, 0.929 / LogL: -45451.222
Init pinv, alpha: 0.012, 1.335 / Estimate: 0.062, 1.319 / LogL: -45420.989
Init pinv, alpha: 0.024, 1.335 / Estimate: 0.062, 1.319 / LogL: -45420.988
Init pinv, alpha: 0.036, 1.335 / Estimate: 0.062, 1.319 / LogL: -45420.993
Init pinv, alpha: 0.047, 1.335 / Estimate: 0.062, 1.324 / LogL: -45420.969
Init pinv, alpha: 0.059, 1.335 / Estimate: 0.062, 1.325 / LogL: -45420.975
Init pinv, alpha: 0.071, 1.335 / Estimate: 0.065, 1.344 / LogL: -45420.963
Init pinv, alpha: 0.083, 1.335 / Estimate: 0.065, 1.347 / LogL: -45420.968
Init pinv, alpha: 0.095, 1.335 / Estimate: 0.065, 1.351 / LogL: -45420.983
Init pinv, alpha: 0.107, 1.335 / Estimate: 0.064, 1.345 / LogL: -45420.963
Optimal pinv,alpha: 0.064, 1.345 / LogL: -45420.963

Parameters optimization took 2.007 sec
Computing ML distances based on estimated model parameters... 0.154 sec
Computing BIONJ tree...
0.005 seconds
Log-likelihood of BIONJ tree: -45422.947
--------------------------------------------------------------------
|             INITIALIZING CANDIDATE TREE SET                      |
--------------------------------------------------------------------
Generating 98 parsimony trees... 1.104 second
Computing log-likelihood of 98 initial trees ... 1.171 seconds
Current best score: -45420.963

Do NNI search on 20 best initial trees
Estimate model parameters (epsilon = 0.100)
BETTER TREE FOUND at iteration 1: -45420.954
Iteration 10 / LogL: -45420.958 / Time: 0h:0m:6s
Iteration 20 / LogL: -45420.958 / Time: 0h:0m:8s
Finish initializing candidate tree set (3)
Current best tree score: -45420.954 / CPU time: 6.678
Number of iterations: 20
--------------------------------------------------------------------
|               OPTIMIZING CANDIDATE TREE SET                      |
--------------------------------------------------------------------
Iteration 30 / LogL: -45420.954 / Time: 0h:0m:11s (0h:0m:28s left)
Iteration 40 / LogL: -45420.955 / Time: 0h:0m:14s (0h:0m:23s left)
UPDATE BEST LOG-LIKELIHOOD: -45420.953
Iteration 50 / LogL: -45543.896 / Time: 0h:0m:17s (0h:0m:18s left)
Log-likelihood cutoff on original alignment: -45463.305
Iteration 60 / LogL: -45420.957 / Time: 0h:0m:20s (0h:0m:14s left)
Iteration 70 / LogL: -45420.957 / Time: 0h:0m:23s (0h:0m:10s left)
Iteration 80 / LogL: -45420.976 / Time: 0h:0m:26s (0h:0m:7s left)
Iteration 90 / LogL: -45420.955 / Time: 0h:0m:29s (0h:0m:3s left)
Iteration 100 / LogL: -45420.954 / Time: 0h:0m:32s (0h:0m:0s left)
Log-likelihood cutoff on original alignment: -45463.305
NOTE: Bootstrap correlation coefficient of split occurrence frequencies: 0.996
TREE SEARCH COMPLETED AFTER 102 ITERATIONS / Time: 0h:0m:32s

--------------------------------------------------------------------
|                    FINALIZING TREE SEARCH                        |
--------------------------------------------------------------------
Performs final model parameters optimization
Estimate model parameters (epsilon = 0.010)
1. Initial log-likelihood: -45420.953
Optimal log-likelihood: -45420.951
Proportion of invariable sites: 0.064
Gamma shape alpha: 1.338
Parameters optimization took 1 rounds (0.032 sec)
BEST SCORE FOUND : -45420.951
Creating bootstrap support values...
Split supports printed to NEXUS file /pasteur/zeus/projets/p02/GEVA/users/Artem/CMVM_lp1_20_data/RdRp_scan/analysis/phylo/Negevirus_clade/tree/aa_tree/Negevirus_clade2_aa_aln_outg.fasta.gap50_clean.fasta.splits.nex
Total tree length: 10.485

Total number of iterations: 102
CPU time used for tree search: 813.011 sec (0h:13m:33s)
Wall-clock time used for tree search: 30.467 sec (0h:0m:30s)
Total CPU time used: 870.302 sec (0h:14m:30s)
Total wall-clock time used: 32.723 sec (0h:0m:32s)

Computing bootstrap consensus tree...
Reading input file /pasteur/zeus/projets/p02/GEVA/users/Artem/CMVM_lp1_20_data/RdRp_scan/analysis/phylo/Negevirus_clade/tree/aa_tree/Negevirus_clade2_aa_aln_outg.fasta.gap50_clean.fasta.splits.nex...
21 taxa and 103 splits.
Consensus tree written to /pasteur/zeus/projets/p02/GEVA/users/Artem/CMVM_lp1_20_data/RdRp_scan/analysis/phylo/Negevirus_clade/tree/aa_tree/Negevirus_clade2_aa_aln_outg.fasta.gap50_clean.fasta.contree
Reading input trees file /pasteur/zeus/projets/p02/GEVA/users/Artem/CMVM_lp1_20_data/RdRp_scan/analysis/phylo/Negevirus_clade/tree/aa_tree/Negevirus_clade2_aa_aln_outg.fasta.gap50_clean.fasta.contree
Log-likelihood of consensus tree: -45420.966

Analysis results written to: 
  IQ-TREE report:                /pasteur/zeus/projets/p02/GEVA/users/Artem/CMVM_lp1_20_data/RdRp_scan/analysis/phylo/Negevirus_clade/tree/aa_tree/Negevirus_clade2_aa_aln_outg.fasta.gap50_clean.fasta.iqtree
  Maximum-likelihood tree:       /pasteur/zeus/projets/p02/GEVA/users/Artem/CMVM_lp1_20_data/RdRp_scan/analysis/phylo/Negevirus_clade/tree/aa_tree/Negevirus_clade2_aa_aln_outg.fasta.gap50_clean.fasta.treefile
  Likelihood distances:          /pasteur/zeus/projets/p02/GEVA/users/Artem/CMVM_lp1_20_data/RdRp_scan/analysis/phylo/Negevirus_clade/tree/aa_tree/Negevirus_clade2_aa_aln_outg.fasta.gap50_clean.fasta.mldist

Ultrafast bootstrap approximation results written to:
  Split support values:          /pasteur/zeus/projets/p02/GEVA/users/Artem/CMVM_lp1_20_data/RdRp_scan/analysis/phylo/Negevirus_clade/tree/aa_tree/Negevirus_clade2_aa_aln_outg.fasta.gap50_clean.fasta.splits.nex
  Consensus tree:                /pasteur/zeus/projets/p02/GEVA/users/Artem/CMVM_lp1_20_data/RdRp_scan/analysis/phylo/Negevirus_clade/tree/aa_tree/Negevirus_clade2_aa_aln_outg.fasta.gap50_clean.fasta.contree
  Screen log file:               /pasteur/zeus/projets/p02/GEVA/users/Artem/CMVM_lp1_20_data/RdRp_scan/analysis/phylo/Negevirus_clade/tree/aa_tree/Negevirus_clade2_aa_aln_outg.fasta.gap50_clean.fasta.log

Date and Time: Wed Jan 25 12:49:59 2023
