IQ-TREE multicore version 2.0.6 for Linux 64-bit built Nov 18 2020
Developed by Bui Quang Minh, Nguyen Lam Tung, Olga Chernomor,
Heiko Schmidt, Dominik Schrempf, Michael Woodhams.

Host:    maestro-1067 (AVX2, FMA3, 503 GB RAM)
Command: iqtree2 -s /pasteur/zeus/projets/p02/GEVA/users/Artem/CMVM_lp1_20_data/RdRp_scan/analysis/phylo/Quaranja_clade/tree/aa_tree/Quaranja_clade_aa_v31_aln_outg.fasta.gap50_clean.fasta -m MFP -bb 1000 -nt AUTO -mem 500G -st AA -o MN053836_Guadeloupe_mosquito_quaranja-like_virus_3
Seed:    13607 (Using SPRNG - Scalable Parallel Random Number Generator)
Time:    Wed Dec  7 16:17:32 2022
Kernel:  AVX+FMA - auto-detect threads (95 CPU cores detected)

Reading alignment file /pasteur/zeus/projets/p02/GEVA/users/Artem/CMVM_lp1_20_data/RdRp_scan/analysis/phylo/Quaranja_clade/tree/aa_tree/Quaranja_clade_aa_v31_aln_outg.fasta.gap50_clean.fasta ... Fasta format detected
Alignment most likely contains protein sequences
Alignment has 10 sequences with 785 columns, 301 distinct patterns
85 parsimony-informative, 208 singleton sites, 492 constant sites
                                                    Gap/Ambiguity  Composition  p-value
   1  OL700087_Wuhan_Mosquito_Virus_4                       0.13%    passed    100.00%
   2  KM817623_Wuhan_Mosquito_Virus_4                       0.00%    passed    100.00%
   3  OL700088_Wuhan_Mosquito_Virus_4                       0.25%    passed    100.00%
   4  MW520421_Culex_modestus_orthomyxo-like_virus          1.91%    passed    100.00%
   5  MN513372_Culex_orthomyxo-like_virus                   1.91%    passed    100.00%
   6  MK440637_Wuhan_Mosquito_Virus_4                       0.00%    passed    100.00%
   7  Pageromars_virus_F1413C102F1245                      60.00%    passed     63.92%
   8  Pageromars_virus_F1413C102F1413                       0.13%    passed    100.00%
   9  MW317143_Orthomyxoviridae_sp.                         0.13%    passed    100.00%
  10  MN053836_Guadeloupe_mosquito_quaranja-like_virus_3    0.38%    passed     99.93%
WARNING: 1 sequences contain more than 50% gaps/ambiguity
****  TOTAL                                                 6.48%  0 sequences failed composition chi2 test (p-value<5%; df=19)


Create initial parsimony tree by phylogenetic likelihood library (PLL)... 0.001 seconds
Measuring multi-threading efficiency up to 95 CPU cores
Increase to 10 rounds for branch lengths
1538 trees examined
Threads: 1 / Time: 95.020 sec / Speedup: 1.000 / Efficiency: 100% / LogL: -4631
Threads: 2 / Time: 54.127 sec / Speedup: 1.755 / Efficiency: 88% / LogL: -4631
Threads: 3 / Time: 46.266 sec / Speedup: 2.054 / Efficiency: 68% / LogL: -4631
Threads: 4 / Time: 47.573 sec / Speedup: 1.997 / Efficiency: 50% / LogL: -4631
BEST NUMBER OF THREADS: 3

Perform fast likelihood tree search using LG+I+G model...
Estimate model parameters (epsilon = 5.000)
Perform nearest neighbor interchange...
Estimate model parameters (epsilon = 1.000)
1. Initial log-likelihood: -4301.095
Optimal log-likelihood: -4301.065
Proportion of invariable sites: 0.306
Gamma shape alpha: 0.655
Parameters optimization took 1 rounds (0.042 sec)
Time for fast ML tree search: 0.198 seconds

NOTE: ModelFinder requires 6 MB RAM!
ModelFinder will test up to 546 protein models (sample size: 785) ...
 No. Model         -LnL         df  AIC          AICc         BIC
  1  LG            4386.188     17  8806.375     8807.173     8885.692
  2  LG+I          4314.268     18  8664.536     8665.429     8748.519
  3  LG+G4         4302.079     18  8640.158     8641.051     8724.141
  4  LG+I+G4       4301.058     19  8640.115     8641.109     8728.763
  5  LG+R2         4296.572     19  8631.144     8632.137     8719.792
  6  LG+R3         4296.407     21  8634.814     8636.025     8732.793
 16  LG+F+G4       4292.794     37  8659.587     8663.352     8832.218
 17  LG+F+I+G4     4291.723     38  8659.447     8663.420     8836.743
 18  LG+F+R2       4287.713     38  8651.427     8655.400     8828.723
 29  WAG+G4        4321.033     18  8678.067     8678.959     8762.049
 30  WAG+I+G4      4320.579     19  8679.159     8680.152     8767.807
 31  WAG+R2        4316.448     19  8670.895     8671.889     8759.543
 42  WAG+F+G4      4303.050     37  8680.099     8683.863     8852.729
 43  WAG+F+I+G4    4302.591     38  8681.181     8685.154     8858.477
 44  WAG+F+R2      4297.865     38  8671.731     8675.704     8849.027
 55  JTT+G4        4302.423     18  8640.845     8641.738     8724.827
 56  JTT+I+G4      4301.450     19  8640.900     8641.893     8729.548
 57  JTT+R2        4299.449     19  8636.897     8637.891     8725.545
 68  JTT+F+G4      4292.684     37  8659.369     8663.133     8831.999
 69  JTT+F+I+G4    4291.658     38  8659.316     8663.289     8836.612
 70  JTT+F+R2      4289.603     38  8655.206     8659.179     8832.501
 81  JTTDCMut+G4   4301.906     18  8639.811     8640.704     8723.794
 82  JTTDCMut+I+G4 4300.977     19  8639.955     8640.948     8728.603
 83  JTTDCMut+R2   4298.862     19  8635.723     8636.717     8724.371
 94  JTTDCMut+F+G4 4291.646     37  8657.292     8661.057     8829.923
 95  JTTDCMut+F+I+G4 4290.661     38  8657.321     8661.294     8834.617
 96  JTTDCMut+F+R2 4288.510     38  8653.020     8656.993     8830.316
107  DCMut+G4      4344.710     18  8725.420     8726.313     8809.402
108  DCMut+I+G4    4343.977     19  8725.954     8726.947     8814.602
109  DCMut+R2      4345.032     19  8728.064     8729.057     8816.712
120  DCMut+F+G4    4305.167     37  8684.334     8688.099     8856.965
121  DCMut+F+I+G4  4304.393     38  8684.787     8688.760     8862.083
122  DCMut+F+R2    4305.140     38  8686.280     8690.253     8863.576
133  VT+G4         4320.337     18  8676.675     8677.568     8760.657
134  VT+I+G4       4320.044     19  8678.088     8679.081     8766.736
135  VT+R2         4312.602     19  8663.203     8664.197     8751.851
146  VT+F+G4       4311.710     37  8697.420     8701.185     8870.051
147  VT+F+I+G4     4311.443     38  8698.887     8702.860     8876.183
148  VT+F+R2       4303.994     38  8683.988     8687.961     8861.284
159  PMB+G4        4353.114     18  8742.228     8743.121     8826.211
160  PMB+I+G4      4353.052     19  8744.104     8745.098     8832.752
161  PMB+R2        4343.289     19  8724.578     8725.572     8813.226
172  PMB+F+G4      4333.259     37  8740.518     8744.283     8913.148
173  PMB+F+I+G4    4333.165     38  8742.329     8746.302     8919.625
174  PMB+F+R2      4322.989     38  8721.979     8725.952     8899.275
185  Blosum62+G4   4349.253     18  8734.506     8735.399     8818.488
186  Blosum62+I+G4 4349.144     19  8736.288     8737.281     8824.936
187  Blosum62+R2   4338.577     19  8715.155     8716.148     8803.803
198  Blosum62+F+G4 4332.845     37  8739.690     8743.454     8912.320
199  Blosum62+F+I+G4 4332.712     38  8741.424     8745.397     8918.720
200  Blosum62+F+R2 4322.591     38  8721.182     8725.155     8898.478
211  Dayhoff+G4    4344.452     18  8724.904     8725.797     8808.887
212  Dayhoff+I+G4  4343.714     19  8725.428     8726.422     8814.076
213  Dayhoff+R2    4344.801     19  8727.603     8728.596     8816.251
224  Dayhoff+F+G4  4304.920     37  8683.840     8687.604     8856.470
225  Dayhoff+F+I+G4 4304.141     38  8684.283     8688.256     8861.579
226  Dayhoff+F+R2  4304.929     38  8685.859     8689.832     8863.155
237  mtREV+G4      4527.264     18  9090.528     9091.421     9174.510
238  mtREV+I+G4    4525.557     19  9089.114     9090.108     9177.762
239  mtREV+R2      4528.264     19  9094.527     9095.521     9183.175
250  mtREV+F+G4    4323.961     37  8721.922     8725.687     8894.553
251  mtREV+F+I+G4  4322.086     38  8720.173     8724.146     8897.469
252  mtREV+F+R2    4323.249     38  8722.498     8726.471     8899.794
263  mtART+G4      4554.270     18  9144.539     9145.432     9228.522
264  mtART+I+G4    4551.225     19  9140.450     9141.444     9229.098
265  mtART+R2      4562.941     19  9163.883     9164.876     9252.531
276  mtART+F+G4    4333.969     37  8741.939     8745.703     8914.569
277  mtART+F+I+G4  4331.350     38  8738.699     8742.673     8915.995
278  mtART+F+R2    4336.513     38  8749.026     8752.999     8926.322
289  mtZOA+G4      4497.220     18  9030.440     9031.333     9114.422
290  mtZOA+I+G4    4495.929     19  9029.858     9030.852     9118.506
291  mtZOA+R2      4498.739     19  9035.479     9036.472     9124.127
302  mtZOA+F+G4    4306.168     37  8686.336     8690.100     8858.966
303  mtZOA+F+I+G4  4304.555     38  8685.110     8689.083     8862.406
304  mtZOA+F+R2    4304.620     38  8685.239     8689.213     8862.535
315  mtMet+G4      4532.789     18  9101.578     9102.471     9185.560
316  mtMet+I+G4    4531.837     19  9101.675     9102.668     9190.323
317  mtMet+R2      4533.283     19  9104.565     9105.559     9193.213
328  mtMet+F+G4    4313.129     37  8700.258     8704.023     8872.889
329  mtMet+F+I+G4  4311.681     38  8699.361     8703.334     8876.657
330  mtMet+F+R2    4312.509     38  8701.018     8704.991     8878.313
341  mtVer+G4      4552.571     18  9141.143     9142.036     9225.125
342  mtVer+I+G4    4552.046     19  9142.091     9143.085     9230.739
343  mtVer+R2      4555.413     19  9148.826     9149.819     9237.474
354  mtVer+F+G4    4326.670     37  8727.341     8731.105     8899.971
355  mtVer+F+I+G4  4325.186     38  8726.372     8730.346     8903.668
356  mtVer+F+R2    4328.196     38  8732.392     8736.365     8909.688
367  mtInv+G4      4588.392     18  9212.783     9213.676     9296.766
368  mtInv+I+G4    4587.469     19  9212.938     9213.932     9301.586
369  mtInv+R2      4587.104     19  9212.208     9213.202     9300.856
380  mtInv+F+G4    4309.914     37  8693.828     8697.592     8866.458
381  mtInv+F+I+G4  4308.807     38  8693.614     8697.588     8870.910
382  mtInv+F+R2    4307.179     38  8690.357     8694.330     8867.653
393  mtMAM+G4      4553.394     18  9142.789     9143.682     9226.771
394  mtMAM+I+G4    4551.568     19  9141.136     9142.130     9229.784
395  mtMAM+R2      4565.978     19  9169.957     9170.950     9258.605
406  mtMAM+F+G4    4342.859     37  8759.718     8763.482     8932.348
407  mtMAM+F+I+G4  4340.095     38  8756.189     8760.163     8933.485
408  mtMAM+F+R2    4350.101     38  8776.203     8780.176     8953.499
419  HIVb+G4       4338.909     18  8713.818     8714.711     8797.800
420  HIVb+I+G4     4336.312     19  8710.625     8711.618     8799.273
421  HIVb+R2       4340.040     19  8718.079     8719.073     8806.727
432  HIVb+F+G4     4306.009     37  8686.019     8689.783     8858.649
433  HIVb+F+I+G4   4303.042     38  8682.084     8686.057     8859.380
434  HIVb+F+R2     4308.209     38  8692.418     8696.392     8869.714
445  HIVw+G4       4418.925     18  8873.850     8874.743     8957.832
446  HIVw+I+G4     4417.323     19  8872.645     8873.639     8961.293
447  HIVw+R2       4420.038     19  8878.076     8879.070     8966.724
458  HIVw+F+G4     4338.027     37  8750.053     8753.818     8922.683
459  HIVw+F+I+G4   4336.095     38  8748.190     8752.164     8925.486
460  HIVw+F+R2     4339.795     38  8755.590     8759.563     8932.886
471  FLU+G4        4324.916     18  8685.833     8686.726     8769.815
472  FLU+I+G4      4323.676     19  8685.352     8686.345     8774.000
473  FLU+R2        4322.518     19  8683.036     8684.029     8771.684
484  FLU+F+G4      4292.984     37  8659.968     8663.733     8832.599
485  FLU+F+I+G4    4291.650     38  8659.300     8663.273     8836.596
486  FLU+F+R2      4289.991     38  8655.981     8659.955     8833.277
497  rtREV+G4      4351.457     18  8738.915     8739.808     8822.897
498  rtREV+I+G4    4350.849     19  8739.698     8740.692     8828.346
499  rtREV+R2      4346.963     19  8731.926     8732.919     8820.574
510  rtREV+F+G4    4301.269     37  8676.537     8680.302     8849.168
511  rtREV+F+I+G4  4300.384     38  8676.768     8680.741     8854.064
512  rtREV+F+R2    4297.184     38  8670.369     8674.342     8847.665
523  cpREV+G4      4331.927     18  8699.853     8700.746     8783.836
524  cpREV+I+G4    4331.406     19  8700.812     8701.805     8789.460
525  cpREV+R2      4326.471     19  8690.942     8691.935     8779.590
536  cpREV+F+G4    4304.464     37  8682.928     8686.692     8855.558
537  cpREV+F+I+G4  4303.852     38  8683.704     8687.677     8861.000
538  cpREV+F+R2    4299.890     38  8675.780     8679.753     8853.076
Akaike Information Criterion:           LG+R2
Corrected Akaike Information Criterion: LG+R2
Bayesian Information Criterion:         LG+R2
Best-fit model: LG+R2 chosen according to BIC

All model information printed to /pasteur/zeus/projets/p02/GEVA/users/Artem/CMVM_lp1_20_data/RdRp_scan/analysis/phylo/Quaranja_clade/tree/aa_tree/Quaranja_clade_aa_v31_aln_outg.fasta.gap50_clean.fasta.model.gz
CPU time for ModelFinder: 556.474 seconds (0h:9m:16s)
Wall-clock time for ModelFinder: 252.222 seconds (0h:4m:12s)
Generating 1000 samples for ultrafast bootstrap (seed: 13607)...

NOTE: 2 MB RAM (0 GB) is required!
Estimate model parameters (epsilon = 0.100)
1. Initial log-likelihood: -4296.572
Optimal log-likelihood: -4296.529
Site proportion and rates:  (0.833,0.249) (0.167,4.748)
Parameters optimization took 1 rounds (0.015 sec)
Computing ML distances based on estimated model parameters... 0.012 sec
Computing BIONJ tree...
0.005 seconds
Log-likelihood of BIONJ tree: -4296.597
--------------------------------------------------------------------
|             INITIALIZING CANDIDATE TREE SET                      |
--------------------------------------------------------------------
Generating 98 parsimony trees... 0.081 second
Computing log-likelihood of 90 initial trees ... 0.244 seconds
Current best score: -4296.529

Do NNI search on 20 best initial trees
Estimate model parameters (epsilon = 0.100)
BETTER TREE FOUND at iteration 1: -4296.506
UPDATE BEST LOG-LIKELIHOOD: -4296.505
UPDATE BEST LOG-LIKELIHOOD: -4296.505
UPDATE BEST LOG-LIKELIHOOD: -4296.505
Iteration 10 / LogL: -4296.506 / Time: 0h:0m:0s
Iteration 20 / LogL: -4296.581 / Time: 0h:0m:1s
Finish initializing candidate tree set (3)
Current best tree score: -4296.505 / CPU time: 1.115
Number of iterations: 20
--------------------------------------------------------------------
|               OPTIMIZING CANDIDATE TREE SET                      |
--------------------------------------------------------------------
UPDATE BEST LOG-LIKELIHOOD: -4296.505
Iteration 30 / LogL: -4296.505 / Time: 0h:0m:1s (0h:0m:4s left)
UPDATE BEST LOG-LIKELIHOOD: -4296.505
Iteration 40 / LogL: -4296.505 / Time: 0h:0m:2s (0h:0m:3s left)
Iteration 50 / LogL: -4297.258 / Time: 0h:0m:2s (0h:0m:2s left)
Log-likelihood cutoff on original alignment: -4332.812
UPDATE BEST LOG-LIKELIHOOD: -4296.505
Iteration 60 / LogL: -4296.505 / Time: 0h:0m:3s (0h:0m:2s left)
Iteration 70 / LogL: -4297.738 / Time: 0h:0m:3s (0h:0m:1s left)
Iteration 80 / LogL: -4296.507 / Time: 0h:0m:4s (0h:0m:1s left)
Iteration 90 / LogL: -4296.532 / Time: 0h:0m:4s (0h:0m:0s left)
Iteration 100 / LogL: -4296.506 / Time: 0h:0m:5s (0h:0m:0s left)
Log-likelihood cutoff on original alignment: -4332.269
NOTE: Bootstrap correlation coefficient of split occurrence frequencies: 0.999
TREE SEARCH COMPLETED AFTER 102 ITERATIONS / Time: 0h:0m:5s

--------------------------------------------------------------------
|                    FINALIZING TREE SEARCH                        |
--------------------------------------------------------------------
Performs final model parameters optimization
Estimate model parameters (epsilon = 0.010)
1. Initial log-likelihood: -4296.505
2. Current log-likelihood: -4296.495
Optimal log-likelihood: -4296.487
Site proportion and rates:  (0.838,0.250) (0.162,4.882)
Parameters optimization took 2 rounds (0.027 sec)
BEST SCORE FOUND : -4296.487
Creating bootstrap support values...
Split supports printed to NEXUS file /pasteur/zeus/projets/p02/GEVA/users/Artem/CMVM_lp1_20_data/RdRp_scan/analysis/phylo/Quaranja_clade/tree/aa_tree/Quaranja_clade_aa_v31_aln_outg.fasta.gap50_clean.fasta.splits.nex
Total tree length: 1.271

Total number of iterations: 102
CPU time used for tree search: 16.012 sec (0h:0m:16s)
Wall-clock time used for tree search: 5.474 sec (0h:0m:5s)
Total CPU time used: 16.322 sec (0h:0m:16s)
Total wall-clock time used: 5.623 sec (0h:0m:5s)

Computing bootstrap consensus tree...
Reading input file /pasteur/zeus/projets/p02/GEVA/users/Artem/CMVM_lp1_20_data/RdRp_scan/analysis/phylo/Quaranja_clade/tree/aa_tree/Quaranja_clade_aa_v31_aln_outg.fasta.gap50_clean.fasta.splits.nex...
10 taxa and 49 splits.
Consensus tree written to /pasteur/zeus/projets/p02/GEVA/users/Artem/CMVM_lp1_20_data/RdRp_scan/analysis/phylo/Quaranja_clade/tree/aa_tree/Quaranja_clade_aa_v31_aln_outg.fasta.gap50_clean.fasta.contree
Reading input trees file /pasteur/zeus/projets/p02/GEVA/users/Artem/CMVM_lp1_20_data/RdRp_scan/analysis/phylo/Quaranja_clade/tree/aa_tree/Quaranja_clade_aa_v31_aln_outg.fasta.gap50_clean.fasta.contree
Log-likelihood of consensus tree: -4296.491

Analysis results written to: 
  IQ-TREE report:                /pasteur/zeus/projets/p02/GEVA/users/Artem/CMVM_lp1_20_data/RdRp_scan/analysis/phylo/Quaranja_clade/tree/aa_tree/Quaranja_clade_aa_v31_aln_outg.fasta.gap50_clean.fasta.iqtree
  Maximum-likelihood tree:       /pasteur/zeus/projets/p02/GEVA/users/Artem/CMVM_lp1_20_data/RdRp_scan/analysis/phylo/Quaranja_clade/tree/aa_tree/Quaranja_clade_aa_v31_aln_outg.fasta.gap50_clean.fasta.treefile
  Likelihood distances:          /pasteur/zeus/projets/p02/GEVA/users/Artem/CMVM_lp1_20_data/RdRp_scan/analysis/phylo/Quaranja_clade/tree/aa_tree/Quaranja_clade_aa_v31_aln_outg.fasta.gap50_clean.fasta.mldist

Ultrafast bootstrap approximation results written to:
  Split support values:          /pasteur/zeus/projets/p02/GEVA/users/Artem/CMVM_lp1_20_data/RdRp_scan/analysis/phylo/Quaranja_clade/tree/aa_tree/Quaranja_clade_aa_v31_aln_outg.fasta.gap50_clean.fasta.splits.nex
  Consensus tree:                /pasteur/zeus/projets/p02/GEVA/users/Artem/CMVM_lp1_20_data/RdRp_scan/analysis/phylo/Quaranja_clade/tree/aa_tree/Quaranja_clade_aa_v31_aln_outg.fasta.gap50_clean.fasta.contree
  Screen log file:               /pasteur/zeus/projets/p02/GEVA/users/Artem/CMVM_lp1_20_data/RdRp_scan/analysis/phylo/Quaranja_clade/tree/aa_tree/Quaranja_clade_aa_v31_aln_outg.fasta.gap50_clean.fasta.log

Date and Time: Wed Dec  7 16:21:49 2022
