IQ-TREE multicore version 2.0.6 for Linux 64-bit built Nov 18 2020
Developed by Bui Quang Minh, Nguyen Lam Tung, Olga Chernomor,
Heiko Schmidt, Dominik Schrempf, Michael Woodhams.

Host:    maestro-1067 (AVX2, FMA3, 503 GB RAM)
Command: iqtree2 -s /pasteur/zeus/projets/p02/GEVA/users/Artem/CMVM_lp1_20_data/RdRp_scan/analysis/phylo/Quaranja_clade/tree/aa_tree/Quaranja_clade_aa_v2_aln_outg.fasta.gap_clean.fasta -m LG+F+I+G4 -bb 1000 -nt AUTO -mem 500G -st AA -o MW784037_Hainan_orthomyxo-like_virus_2
Seed:    733980 (Using SPRNG - Scalable Parallel Random Number Generator)
Time:    Wed Dec  7 13:18:40 2022
Kernel:  AVX+FMA - auto-detect threads (95 CPU cores detected)

Reading alignment file /pasteur/zeus/projets/p02/GEVA/users/Artem/CMVM_lp1_20_data/RdRp_scan/analysis/phylo/Quaranja_clade/tree/aa_tree/Quaranja_clade_aa_v2_aln_outg.fasta.gap_clean.fasta ... Fasta format detected
Alignment most likely contains protein sequences
Alignment has 128 sequences with 773 columns, 762 distinct patterns
697 parsimony-informative, 14 singleton sites, 62 constant sites
                                                              Gap/Ambiguity  Composition  p-value
   1  MN053837_Guadeloupe_mosquito_quaranja-like_virus_2             47.48%    passed     80.34%
   2  MW784026_Xinjiang_sediment_orthomyxo-like_virus_2              36.74%    passed     57.64%
   3  OL700157_XiangYun_orthomyxo-like_virus_5                       24.45%    passed     72.24%
   4  OL700153_XiangYun_orthomyxo-like_virus_1                       21.09%    passed     56.54%
   5  MN053838_Guadeloupe_mosquito_quaranja-like_virus_1             14.23%    passed     81.96%
   6  KM817627_Wuhan_Mothfly_Virus                                   14.49%    passed     82.39%
   7  MT153531_Coleopteran_orthomyxo-related_virus_OKIAV184           9.57%    passed     46.90%
   8  MT153452_Coleopteran_orthomyxo-related_virus_OKIAV186           8.80%    passed     60.20%
   9  MT153419_Hemipteran_orthomyxo-related_virus_OKIAV191            7.24%    passed     42.76%
  10  KX883882_Hubei_earwig_virus_1                                   3.88%    passed     14.72%
  11  MW520417_Aedes_detritus_orthomyxo-like_virus                    3.75%    passed     90.11%
  12  KX898491_Whidbey_virus                                          2.72%    passed     94.68%
  13  ON059763_Byreldi_virus                                          2.59%    passed     88.61%
  14  KX883873_Hubei_orthomyxo-like_virus_1                           3.75%    passed     40.89%
  15  OM817558_Wuhan_Mosquito_Virus_6                                 2.98%    passed     67.04%
  16  MN513372_Culex_orthomyxo-like_virus                             1.81%    passed     99.53%
  17  MW520421_Culex_modestus_orthomyxo-like_virus                    1.81%    passed     99.16%
  18  KX883844_Beihai_orthomyxo-like_virus_1                          3.23%    passed     16.75%
  19  OM405131_Quaranjavirus_sp.                                      2.33%    passed     59.79%
  20  MW033635_Soybean_thrips_quaranja-like_virus_1                   1.16%    passed     56.39%
  21  MW288220_Hymenopteran_orthomyxo-related_virus_OKIAV171          1.68%    passed     42.81%
  22  MW784032_Yunnan_sediment_orthomyxo-like_virus                   1.16%    passed     95.11%
  23  NC_052931_Quaranjavirus_johnstonense                            2.46%    failed      3.15%
  24  MN830237_Uumaja_virus                                           1.81%    passed     93.19%
  25  OL700156_XiangYun_orthomyxo-like_virus_4                        1.16%    passed     73.06%
  26  KM817617_Sanxia_Water_Strider_Virus_3                           0.52%    passed     77.51%
  27  KM817620_Wuhan_Louse_Fly_Virus_3                                0.65%    passed     85.12%
  28  KM817621_Wuhan_Louse_Fly_Virus_4                                0.65%    passed     87.46%
  29  MW199253_Orthomyxoviridae_sp.                                   0.65%    passed     66.64%
  30  MN053836_Guadeloupe_mosquito_quaranja-like_virus_3              0.00%    passed     99.99%
  31  OL700088_Wuhan_Mosquito_Virus_4                                 0.13%    passed     98.85%
  32  KM817619_Shuangao_Insect_Virus_4                                0.52%    passed     95.13%
  33  MW317143_Orthomyxoviridae_sp.                                   0.13%    passed     95.76%
  34  OL700087_Wuhan_Mosquito_Virus_4                                 0.00%    passed     99.01%
  35  KM817623_Wuhan_Mosquito_Virus_4                                 0.00%    passed     99.01%
  36  MK440637_Wuhan_Mosquito_Virus_4                                 0.00%    passed     98.15%
  37  BK059432_Aedes_orthomyxo-like_virus_2                           0.00%    passed     66.88%
  38  MW434249_Guadeloupe_mosquito_quaranja-like_virus_1              0.00%    passed     91.72%
  39  OL343761_Palmetto_orthomyxo-like_virus                          0.00%    passed     93.25%
  40  KM817615_Jingshan_Fly_Virus_1                                   0.52%    passed     96.87%
  41  KM817624_Wuhan_Mosquito_Virus_5                                 0.00%    passed     58.35%
  42  MF176325_Aedes_alboannulatus_orthomyxo-like_virus               0.00%    passed     93.86%
  43  MW434314_Usinis_virus                                           0.00%    passed     91.57%
  44  MW434320_Usinis_virus                                           0.00%    passed     91.45%
  45  MW452276_Wuhan_Mosquito_Virus_5                                 0.00%    passed     62.45%
  46  MW784019_Xinjiang_sediment_orthomyxo-like_virus_5               0.65%    failed      4.10%
  47  OL700089_Wuhan_Mosquito_Virus_5                                 0.00%    passed     64.57%
  48  ON059769_Byreska_virus                                          0.13%    passed     81.74%
  49  Panessemat_virus_F1398C269F1230                                23.29%    passed     94.36%
  50  Panessemat_virus_F1398C269F1387                                 0.00%    passed     86.47%
  51  Panessemat_virus_F1398C269F1396                                 0.00%    passed     86.47%
  52  Panessemat_virus_F1398C269F1398                                 0.00%    passed     88.88%
  53  Panessemat_virus_F1398C269F1540                                 0.00%    passed     89.52%
  54  Panessemat_virus_F1398C269F1551                                 0.13%    passed     87.65%
  55  MT129718_Splett_orthomyxo-like_virus                            0.52%    passed     17.88%
  56  MT129719_Splett_orthomyxo-like_virus                            0.52%    passed     19.59%
  57  MT153448_Dipteran_orthomyxo-related_virus_OKIAV195              0.13%    failed      0.85%
  58  OM650310_Halyomorpha_halys_orthomyxo-like_virus_1               0.78%    passed     78.65%
  59  Pageromars_virus_F1413C102F1245                                59.51%    passed     47.19%
  60  Pageromars_virus_F1413C102F1413                                 0.13%    passed     92.80%
  61  MT153481_Dipteran_orthomyxo-related_virus_OKIAV193              0.00%    passed     93.56%
  62  MW434228_Astopletus_virus                                       0.00%    passed     93.76%
  63  MW434229_Astopletus_virus                                       0.00%    passed     94.05%
  64  KX883858_Hubei_earwig_virus_1                                   0.91%    passed     11.12%
  65  MW288219_Hymenopteran_orthomyxo-related_virus_OKIAV175          0.65%    passed     83.37%
  66  MW784025_Henan_sediment_orthomyxo-like_virus                    0.26%    passed     90.61%
  67  MW784015_Xinjiang_sediment_orthomyxo-like_virus_4               0.78%    passed     39.28%
  68  OL700154_XiangYun_orthomyxo-like_virus_2                        0.13%    passed     98.24%
  69  KM817622_Wuhan_Mosquito_Virus_3                                 0.00%    passed     77.59%
  70  MT153421_Phasmatodean_orthomyxo-related_virus_OKIAV167          0.26%    passed     90.72%
  71  MW288163_Neuropteran_orthomyxo-related_virus_OKIAV190           0.78%    passed     25.42%
  72  MW288202_Raphidiopteran_orthomyxo-related_virus_OKIAV180        0.52%    passed     29.14%
  73  MT153463_Phasmatodean_orthomyxo-related_virus_OKIAV172          0.13%    passed     85.25%
  74  MW784029_Heilongjiang_sediment_orthomyxo-like_virus             0.13%    passed     62.99%
  75  OL700090_Wuhan_Mosquito_Virus_6                                 0.00%    passed     66.39%
  76  KM817625_Wuhan_Mosquito_Virus_6                                 0.00%    passed     56.87%
  77  MF176249_Wuhan_Mosquito_Virus_6                                 0.00%    passed     74.92%
  78  MF176271_Wuhan_Mosquito_Virus_6                                 0.00%    passed     68.05%
  79  MF176320_Wuhan_Mosquito_Virus_6                                 0.00%    passed     68.05%
  80  MF176360_Wuhan_Mosquito_Virus_6                                 0.00%    passed     71.67%
  81  MK440648_Wuhan_Mosquito_Virus_6                                 0.00%    passed     51.83%
  82  MT153375_Hemipteran_orthomyxo-related_virus_OKIAV183            0.13%    passed     33.21%
  83  MW288228_Hymenopteran_orthomyxo-related_virus_OKIAV174          0.13%    passed      7.66%
  84  MW434421_Wuhan_Mosquito_Virus_6                                 0.00%    passed     60.60%
  85  MW434422_Wuhan_Mosquito_Virus_6                                 0.00%    passed     53.32%
  86  MW434423_Wuhan_Mosquito_Virus_6                                 0.00%    passed     60.06%
  87  MW434424_Wuhan_Mosquito_Virus_6                                 0.00%    passed     57.05%
  88  MW434425_Wuhan_Mosquito_Virus_6                                 0.00%    passed     60.70%
  89  MW434426_Wuhan_Mosquito_Virus_6                                 0.00%    passed     61.65%
  90  MW434428_Wuhan_Mosquito_Virus_6                                 0.00%    passed     57.92%
  91  MW434429_Wuhan_Mosquito_Virus_6                                 0.00%    passed     63.22%
  92  MW434430_Wuhan_Mosquito_Virus_6                                 0.00%    passed     63.09%
  93  MW434431_Wuhan_Mosquito_Virus_6                                 0.00%    passed     55.39%
  94  MW434432_Wuhan_Mosquito_Virus_6                                 0.00%    passed     63.59%
  95  MW452277_Wuhan_Mosquito_Virus_6                                 0.00%    passed     61.43%
  96  MW520424_Culex_pipiens_orthomyxo-like_virus                     0.00%    passed     61.46%
  97  MW784037_Hainan_orthomyxo-like_virus_2                          0.91%    passed     60.85%
  98  ON860462_Husby_virus                                            0.26%    passed     84.13%
  99  Wuhan_Mosquito_Virus_6_F1115C44F1115                            0.00%    passed     60.32%
 100  Wuhan_Mosquito_Virus_6_F1115C44F1120                           37.13%    passed     16.90%
 101  Wuhan_Mosquito_Virus_6_F1115C44F1422                            0.39%    passed     60.89%
 102  Wuhan_Mosquito_Virus_6_F1115C44F1576                            0.00%    passed     60.32%
 103  MG972988_Photinus_pyralis_orthomyxo-like_virus_1                0.26%    passed     78.89%
 104  OL700086_Wuhan_Mosquito_Virus_3                                 0.00%    passed     79.12%
 105  MG972993_Photinus_pyralis_orthomyxo-like_virus_2                0.13%    passed     39.41%
 106  MK026596_Old_quarry_swamp_virus                                 0.00%    passed     95.28%
 107  MT153548_Dermapteran_orthomyxo-related_virus_OKIAV170           0.39%    passed     60.00%
 108  MN167480_Lestrade_virus                                         0.26%    passed     30.72%
 109  MW310365_Bactrocera_correcta_orthomyxo-like_virus_isolate_Bl    0.91%    passed      8.64%
 110  MW310389_Bactrocera_correcta_orthomyxo-like_virus_isolate_Bz    0.91%    failed      3.27%
 111  ON860461_Tierp_virus                                            0.13%    passed     78.12%
 112  Guadeloupe_mosquito_quaranja_like_virus_1_F1058C389F1058        0.00%    passed     89.84%
 113  Guadeloupe_mosquito_quaranja_like_virus_1_F1058C389F1059       15.01%    passed     70.23%
 114  Guadeloupe_mosquito_quaranja_like_virus_1_F1058C389F1062        0.00%    passed     85.56%
 115  Guadeloupe_mosquito_quaranja_like_virus_1_F1058C389F1065       50.71%    passed     62.29%
 116  Guadeloupe_mosquito_quaranja_like_virus_1_F1058C389F1067        0.00%    passed     91.21%
 117  Guadeloupe_mosquito_quaranja_like_virus_1_F1058C389F1068        9.18%    passed     85.31%
 118  MT153534_Coleopteran_orthomyxo-related_virus_OKIAV179           0.00%    passed     83.01%
 119  MT153296_Hymenopteran_orthomyxo-related_virus_OKIAV173          0.13%    passed     77.06%
 120  MT153541_Blattodean_orthomyxo-related_virus_OKIAV181            0.13%    passed     11.62%
 121  MT153551_Hemipteran_orthomyxo-related_virus_OKIAV182            0.13%    passed     56.31%
 122  MT153423_Lepidopteran_orthomyxo-related_virus_OKIAV1731         0.00%    passed     64.97%
 123  MT153484_Lepidopteran_orthomyxo-related_virus_OKIAV178          0.00%    passed     52.77%
 124  MT153485_Hemipteran_orthomyxo-related_virus_OKIAV188            0.26%    passed     95.80%
 125  MT153496_Siphonapteran_orthomyxo-related_virus_OKIAV157         0.52%    passed     86.73%
 126  MT153412_Coleopteran_orthomyxo-related_virus_OKIAV158           0.13%    passed     49.21%
 127  ON872578_Bat_faecal_associated_orthomyxo-like_virus_1           0.39%    passed     95.06%
 128  MW784037_Hainan_orthomyxo-like_virus_2_0001                     0.91%    passed     60.85%
WARNING: 2 sequences contain more than 50% gaps/ambiguity
****  TOTAL                                                           3.40%  4 sequences failed composition chi2 test (p-value<5%; df=19)
NOTE: KM817623_Wuhan_Mosquito_Virus_4 is identical to OL700087_Wuhan_Mosquito_Virus_4 but kept for subsequent analysis
NOTE: Panessemat_virus_F1398C269F1396 is identical to Panessemat_virus_F1398C269F1387 but kept for subsequent analysis
NOTE: MF176320_Wuhan_Mosquito_Virus_6 is identical to MF176271_Wuhan_Mosquito_Virus_6 but kept for subsequent analysis
NOTE: MW784037_Hainan_orthomyxo-like_virus_2_0001 is identical to MW784037_Hainan_orthomyxo-like_virus_2 but kept for subsequent analysis
NOTE: Wuhan_Mosquito_Virus_6_F1115C44F1576 is identical to Wuhan_Mosquito_Virus_6_F1115C44F1115 but kept for subsequent analysis

Create initial parsimony tree by phylogenetic likelihood library (PLL)... 0.085 seconds
Generating 1000 samples for ultrafast bootstrap (seed: 733980)...

NOTE: 65 MB RAM (0 GB) is required!
Measuring multi-threading efficiency up to 95 CPU cores
Increase to 10 rounds for branch lengths
26 trees examined
Threads: 1 / Time: 97.501 sec / Speedup: 1.000 / Efficiency: 100% / LogL: -145418
Threads: 2 / Time: 52.280 sec / Speedup: 1.865 / Efficiency: 93% / LogL: -145418
Threads: 3 / Time: 36.756 sec / Speedup: 2.653 / Efficiency: 88% / LogL: -145418
Threads: 4 / Time: 29.034 sec / Speedup: 3.358 / Efficiency: 84% / LogL: -145418
Threads: 5 / Time: 25.757 sec / Speedup: 3.785 / Efficiency: 76% / LogL: -145418
Threads: 6 / Time: 27.174 sec / Speedup: 3.588 / Efficiency: 60% / LogL: -145418
Threads: 7 / Time: 26.695 sec / Speedup: 3.652 / Efficiency: 52% / LogL: -145418
Threads: 8 / Time: 27.215 sec / Speedup: 3.583 / Efficiency: 45% / LogL: -145418
BEST NUMBER OF THREADS: 5

Estimate model parameters (epsilon = 0.100)
Thoroughly optimizing +I+G parameters from 10 start values...
Init pinv, alpha: 0.000, 1.000 / Estimate: 0.075, 0.958 / LogL: -76738.661
Init pinv, alpha: 0.009, 1.000 / Estimate: 0.075, 0.957 / LogL: -76738.691
Init pinv, alpha: 0.018, 1.000 / Estimate: 0.075, 0.958 / LogL: -76738.685
Init pinv, alpha: 0.027, 1.000 / Estimate: 0.075, 0.958 / LogL: -76738.682
Init pinv, alpha: 0.036, 1.000 / Estimate: 0.075, 0.958 / LogL: -76738.681
Init pinv, alpha: 0.045, 1.000 / Estimate: 0.075, 0.958 / LogL: -76738.680
Init pinv, alpha: 0.053, 1.000 / Estimate: 0.075, 0.958 / LogL: -76738.679
Init pinv, alpha: 0.062, 1.000 / Estimate: 0.075, 0.958 / LogL: -76738.679
Init pinv, alpha: 0.071, 1.000 / Estimate: 0.075, 0.958 / LogL: -76738.679
Init pinv, alpha: 0.080, 1.000 / Estimate: 0.075, 0.958 / LogL: -76738.678
Optimal pinv,alpha: 0.075, 0.958 / LogL: -76738.661

Parameters optimization took 21.413 sec
Computing ML distances based on estimated model parameters... 2.622 sec
Computing BIONJ tree...
0.015 seconds
Log-likelihood of BIONJ tree: -77112.737
--------------------------------------------------------------------
|             INITIALIZING CANDIDATE TREE SET                      |
--------------------------------------------------------------------
Generating 98 parsimony trees... 8.083 second
Computing log-likelihood of 98 initial trees ... 10.515 seconds
Current best score: -76738.661

Do NNI search on 20 best initial trees
Estimate model parameters (epsilon = 0.100)
BETTER TREE FOUND at iteration 1: -76660.292
Estimate model parameters (epsilon = 0.100)
BETTER TREE FOUND at iteration 6: -76659.463
Estimate model parameters (epsilon = 0.100)
BETTER TREE FOUND at iteration 7: -76658.957
Estimate model parameters (epsilon = 0.100)
BETTER TREE FOUND at iteration 9: -76657.307
Iteration 10 / LogL: -76661.667 / Time: 0h:6m:44s
Iteration 20 / LogL: -76658.958 / Time: 0h:7m:27s
Finish initializing candidate tree set (20)
Current best tree score: -76657.307 / CPU time: 101.651
Number of iterations: 20
--------------------------------------------------------------------
|               OPTIMIZING CANDIDATE TREE SET                      |
--------------------------------------------------------------------
Iteration 30 / LogL: -76657.320 / Time: 0h:8m:14s (0h:22m:25s left)
Iteration 40 / LogL: -76710.161 / Time: 0h:8m:58s (0h:15m:52s left)
Iteration 50 / LogL: -76659.435 / Time: 0h:9m:38s (0h:11m:36s left)
Log-likelihood cutoff on original alignment: -76738.153
Iteration 60 / LogL: -76659.450 / Time: 0h:10m:19s (0h:8m:34s left)
Iteration 70 / LogL: -76678.673 / Time: 0h:10m:58s (0h:6m:12s left)
Iteration 80 / LogL: -76660.044 / Time: 0h:11m:42s (0h:4m:17s left)
Iteration 90 / LogL: -76659.026 / Time: 0h:12m:24s (0h:2m:39s left)
Iteration 100 / LogL: -76661.998 / Time: 0h:13m:2s (0h:1m:11s left)
Log-likelihood cutoff on original alignment: -76728.105
NOTE: Bootstrap correlation coefficient of split occurrence frequencies: 0.997
Iteration 110 / LogL: -76659.110 / Time: 0h:13m:43s (0h:11m:19s left)
TREE SEARCH COMPLETED AFTER 110 ITERATIONS / Time: 0h:13m:43s

--------------------------------------------------------------------
|                    FINALIZING TREE SEARCH                        |
--------------------------------------------------------------------
Performs final model parameters optimization
Estimate model parameters (epsilon = 0.010)
1. Initial log-likelihood: -76657.307
Optimal log-likelihood: -76657.307
Proportion of invariable sites: 0.075
Gamma shape alpha: 0.951
Parameters optimization took 1 rounds (0.331 sec)
BEST SCORE FOUND : -76657.307
Creating bootstrap support values...
Split supports printed to NEXUS file /pasteur/zeus/projets/p02/GEVA/users/Artem/CMVM_lp1_20_data/RdRp_scan/analysis/phylo/Quaranja_clade/tree/aa_tree/Quaranja_clade_aa_v2_aln_outg.fasta.gap_clean.fasta.splits.nex
Total tree length: 40.229

Total number of iterations: 110
CPU time used for tree search: 2336.194 sec (0h:38m:56s)
Wall-clock time used for tree search: 477.214 sec (0h:7m:57s)
Total CPU time used: 3574.198 sec (0h:59m:34s)
Total wall-clock time used: 824.024 sec (0h:13m:44s)

Computing bootstrap consensus tree...
Reading input file /pasteur/zeus/projets/p02/GEVA/users/Artem/CMVM_lp1_20_data/RdRp_scan/analysis/phylo/Quaranja_clade/tree/aa_tree/Quaranja_clade_aa_v2_aln_outg.fasta.gap_clean.fasta.splits.nex...
128 taxa and 922 splits.
Consensus tree written to /pasteur/zeus/projets/p02/GEVA/users/Artem/CMVM_lp1_20_data/RdRp_scan/analysis/phylo/Quaranja_clade/tree/aa_tree/Quaranja_clade_aa_v2_aln_outg.fasta.gap_clean.fasta.contree
Reading input trees file /pasteur/zeus/projets/p02/GEVA/users/Artem/CMVM_lp1_20_data/RdRp_scan/analysis/phylo/Quaranja_clade/tree/aa_tree/Quaranja_clade_aa_v2_aln_outg.fasta.gap_clean.fasta.contree
Log-likelihood of consensus tree: -76658.702

Analysis results written to: 
  IQ-TREE report:                /pasteur/zeus/projets/p02/GEVA/users/Artem/CMVM_lp1_20_data/RdRp_scan/analysis/phylo/Quaranja_clade/tree/aa_tree/Quaranja_clade_aa_v2_aln_outg.fasta.gap_clean.fasta.iqtree
  Maximum-likelihood tree:       /pasteur/zeus/projets/p02/GEVA/users/Artem/CMVM_lp1_20_data/RdRp_scan/analysis/phylo/Quaranja_clade/tree/aa_tree/Quaranja_clade_aa_v2_aln_outg.fasta.gap_clean.fasta.treefile
  Likelihood distances:          /pasteur/zeus/projets/p02/GEVA/users/Artem/CMVM_lp1_20_data/RdRp_scan/analysis/phylo/Quaranja_clade/tree/aa_tree/Quaranja_clade_aa_v2_aln_outg.fasta.gap_clean.fasta.mldist

Ultrafast bootstrap approximation results written to:
  Split support values:          /pasteur/zeus/projets/p02/GEVA/users/Artem/CMVM_lp1_20_data/RdRp_scan/analysis/phylo/Quaranja_clade/tree/aa_tree/Quaranja_clade_aa_v2_aln_outg.fasta.gap_clean.fasta.splits.nex
  Consensus tree:                /pasteur/zeus/projets/p02/GEVA/users/Artem/CMVM_lp1_20_data/RdRp_scan/analysis/phylo/Quaranja_clade/tree/aa_tree/Quaranja_clade_aa_v2_aln_outg.fasta.gap_clean.fasta.contree
  Screen log file:               /pasteur/zeus/projets/p02/GEVA/users/Artem/CMVM_lp1_20_data/RdRp_scan/analysis/phylo/Quaranja_clade/tree/aa_tree/Quaranja_clade_aa_v2_aln_outg.fasta.gap_clean.fasta.log

Date and Time: Wed Dec  7 13:32:26 2022
